2016-01-01 00:15:00.000,user62,directors
2016-01-01 00:15:00.300,user79,video games
2016-01-01 00:15:00.600,user22,airlines
2016-01-01 00:15:00.900,user27,us
2016-01-01 00:15:01.200,user86,wrestling
2016-01-01 00:15:01.500,user31,environment
2016-01-01 00:15:01.800,user20,actors
2016-01-01 00:15:02.100,user83,people
2016-01-01 00:15:02.400,user5,studios
2016-01-01 00:15:02.700,user12,world
2016-01-01 00:15:03.000,user96,airlines
2016-01-01 00:15:03.300,user5,children
2016-01-01 00:15:03.600,user49,style
2016-01-01 00:15:03.900,user70,models
2016-01-01 00:15:04.200,user29,CEOs
2016-01-01 00:15:04.500,user45,models
2016-01-01 00:15:04.800,user0,tv
2016-01-01 00:15:05.100,user93,actresses
2016-01-01 00:15:05.400,user10,video games
2016-01-01 00:15:05.700,user45,actors
2016-01-01 00:15:06.000,user11,hockey
2016-01-01 00:15:06.300,user54,soccer
2016-01-01 00:15:06.600,user59,boxing
2016-01-01 00:15:06.900,user61,skateboarding
2016-01-01 00:15:07.200,user62,video games
2016-01-01 00:15:07.500,user16,books
2016-01-01 00:15:07.800,user34,tennis
2016-01-01 00:15:08.100,user56,artists
2016-01-01 00:15:08.400,user80,reporters
2016-01-01 00:15:08.700,user5,olympics
2016-01-01 00:15:09.000,user42,hockey
2016-01-01 00:15:09.300,user90,technology
2016-01-01 00:15:09.600,user63,models
2016-01-01 00:15:09.900,user86,actresses
2016-01-01 00:15:10.200,user63,technology
2016-01-01 00:15:10.500,user69,golf
2016-01-01 00:15:10.800,user0,taxes
2016-01-01 00:15:11.100,user19,indexes
2016-01-01 00:15:11.400,user97,people
2016-01-01 00:15:11.700,user76,healthcare
2016-01-01 00:15:12.000,user43,swimming
2016-01-01 00:15:12.300,user97,models
2016-01-01 00:15:12.600,user17,children
2016-01-01 00:15:12.900,user70,sportscasters
2016-01-01 00:15:13.200,user33,immigration
2016-01-01 00:15:13.500,user10,finance
2016-01-01 00:15:13.800,user73,internet
2016-01-01 00:15:14.100,user0,indexes
2016-01-01 00:15:14.400,user79,video games
2016-01-01 00:15:14.700,user81,issues
2016-01-01 00:15:15.000,user98,swimming
2016-01-01 00:15:15.300,user40,soccer
2016-01-01 00:15:15.600,user70,elections
2016-01-01 00:15:15.900,user9,elections
2016-01-01 00:15:16.200,user36,figure skating
2016-01-01 00:15:16.500,user97,technology
2016-01-01 00:15:16.800,user50,internet
2016-01-01 00:15:17.100,user84,indexes
2016-01-01 00:15:17.400,user58,internet
2016-01-01 00:15:17.700,user14,music
2016-01-01 00:15:18.000,user26,us
2016-01-01 00:15:18.300,user97,skateboarding
2016-01-01 00:15:18.600,user69,comedians
2016-01-01 00:15:18.900,user42,people
2016-01-01 00:15:19.200,user29,sportscasters
2016-01-01 00:15:19.500,user70,actors
2016-01-01 00:15:19.800,user66,health
2016-01-01 00:15:20.100,user9,ncaa
2016-01-01 00:15:20.400,user22,weather
2016-01-01 00:15:20.700,user11,food
2016-01-01 00:15:21.000,user9,reporters
2016-01-01 00:15:21.300,user11,automotive
2016-01-01 00:15:21.600,user73,technology
2016-01-01 00:15:21.900,user28,golf
2016-01-01 00:15:22.200,user20,airlines
2016-01-01 00:15:22.500,user31,snowboarding
2016-01-01 00:15:22.800,user12,real estate
2016-01-01 00:15:23.100,user74,immigration
2016-01-01 00:15:23.400,user57,economists
2016-01-01 00:15:23.700,user8,CEOs
2016-01-01 00:15:24.000,user33,education
2016-01-01 00:15:24.300,user92,racing
2016-01-01 00:15:24.600,user92,science
2016-01-01 00:15:24.900,user39,banks
2016-01-01 00:15:25.200,user89,boxing
2016-01-01 00:15:25.500,user34,swimming
2016-01-01 00:15:25.800,user88,real estate
2016-01-01 00:15:26.100,user22,us
2016-01-01 00:15:26.400,user36,education
2016-01-01 00:15:26.700,user47,elections
2016-01-01 00:15:27.000,user77,economists
2016-01-01 00:15:27.300,user21,weather
2016-01-01 00:15:27.600,user92,racing
2016-01-01 00:15:27.900,user37,energy
2016-01-01 00:15:28.200,user42,grammys
2016-01-01 00:15:28.500,user55,people
2016-01-01 00:15:28.800,user67,economists
2016-01-01 00:15:29.100,user28,music
2016-01-01 00:15:29.400,user43,stock exchange
2016-01-01 00:15:29.700,user4,disasters
2016-01-01 00:15:30.000,user70,elections
2016-01-01 00:15:30.300,user1,issues
2016-01-01 00:15:30.600,user66,whitehouse
2016-01-01 00:15:30.900,user78,sportscasters
2016-01-01 00:15:31.200,user95,education
2016-01-01 00:15:31.500,user0,actresses
2016-01-01 00:15:31.800,user61,economists
2016-01-01 00:15:32.100,user96,people
2016-01-01 00:15:32.400,user76,energy
2016-01-01 00:15:32.700,user6,books
2016-01-01 00:15:33.000,user50,actors
2016-01-01 00:15:33.300,user79,other sports
2016-01-01 00:15:33.600,user6,technology
2016-01-01 00:15:33.900,user69,olympics
2016-01-01 00:15:34.200,user77,banks
2016-01-01 00:15:34.500,user47,oscars
2016-01-01 00:15:34.800,user43,soccer
2016-01-01 00:15:35.100,user5,other sports
2016-01-01 00:15:35.400,user44,comics
2016-01-01 00:15:35.700,user71,football
2016-01-01 00:15:36.000,user20,tennis
2016-01-01 00:15:36.300,user3,iraq
2016-01-01 00:15:36.600,user31,technology
2016-01-01 00:15:36.900,user44,swimming
2016-01-01 00:15:37.200,user37,snowboarding
2016-01-01 00:15:37.500,user63,music
2016-01-01 00:15:37.800,user89,comedians
2016-01-01 00:15:38.100,user53,oscars
2016-01-01 00:15:38.400,user97,racing
2016-01-01 00:15:38.700,user70,movies
2016-01-01 00:15:39.000,user31,reporters
2016-01-01 00:15:39.300,user15,banks
2016-01-01 00:15:39.600,user72,soccer
2016-01-01 00:15:39.900,user30,hockey
2016-01-01 00:15:40.200,user82,whitehouse
2016-01-01 00:15:40.500,user97,world
2016-01-01 00:15:40.800,user96,baseball
2016-01-01 00:15:41.100,user24,taxes
2016-01-01 00:15:41.400,user98,swimming
2016-01-01 00:15:41.700,user38,models
2016-01-01 00:15:42.000,user23,health
2016-01-01 00:15:42.300,user0,boxing
2016-01-01 00:15:42.600,user23,other sports
2016-01-01 00:15:42.900,user61,snowboarding
2016-01-01 00:15:43.200,user98,figure skating
2016-01-01 00:15:43.500,user40,actresses
2016-01-01 00:15:43.800,user5,weather
2016-01-01 00:15:44.100,user83,companies
2016-01-01 00:15:44.400,user24,people
2016-01-01 00:15:44.700,user92,sportscasters
2016-01-01 00:15:45.000,user69,weather
2016-01-01 00:15:45.300,user9,environment
2016-01-01 00:15:45.600,user71,style
2016-01-01 00:15:45.900,user64,golf
2016-01-01 00:15:46.200,user62,health
2016-01-01 00:15:46.500,user86,world
2016-01-01 00:15:46.800,user74,people
2016-01-01 00:15:47.100,user47,football
2016-01-01 00:15:47.400,user90,artists
2016-01-01 00:15:47.700,user88,video games
2016-01-01 00:15:48.000,user28,ncaa
2016-01-01 00:15:48.300,user42,movies
2016-01-01 00:15:48.600,user22,reporters
2016-01-01 00:15:48.900,user46,producers
2016-01-01 00:15:49.200,user36,iraq
2016-01-01 00:15:49.500,user92,us
2016-01-01 00:15:49.800,user52,hockey
2016-01-01 00:15:50.100,user54,stock exchange
2016-01-01 00:15:50.400,user81,health
2016-01-01 00:15:50.700,user75,immigration
2016-01-01 00:15:51.000,user47,world
2016-01-01 00:15:51.300,user42,movies
2016-01-01 00:15:51.600,user40,environment
2016-01-01 00:15:51.900,user74,technology
2016-01-01 00:15:52.200,user56,baseball
2016-01-01 00:15:52.500,user25,horses
2016-01-01 00:15:52.800,user59,theatre
2016-01-01 00:15:53.100,user21,boxing
2016-01-01 00:15:53.400,user31,video games
2016-01-01 00:15:53.700,user78,iraq
2016-01-01 00:15:54.000,user29,environment
2016-01-01 00:15:54.300,user36,video games
2016-01-01 00:15:54.600,user69,comedians
2016-01-01 00:15:54.900,user59,companies
2016-01-01 00:15:55.200,user60,movies
2016-01-01 00:15:55.500,user40,actresses
2016-01-01 00:15:55.800,user46,science
2016-01-01 00:15:56.100,user4,ncaa
2016-01-01 00:15:56.400,user4,health
2016-01-01 00:15:56.700,user53,books
2016-01-01 00:15:57.000,user48,history
2016-01-01 00:15:57.300,user53,education
2016-01-01 00:15:57.600,user99,music
2016-01-01 00:15:57.900,user45,CEOs
2016-01-01 00:15:58.200,user57,finance
2016-01-01 00:15:58.500,user26,reporters
2016-01-01 00:15:58.800,user72,producers
2016-01-01 00:15:59.100,user76,real estate
2016-01-01 00:15:59.400,user81,baseball
2016-01-01 00:15:59.700,user51,running
2016-01-01 00:16:00.000,user76,people
2016-01-01 00:16:00.300,user45,children
2016-01-01 00:16:00.600,user27,economists
2016-01-01 00:16:00.900,user50,food
2016-01-01 00:16:01.200,user3,energy
2016-01-01 00:16:01.500,user41,technology
2016-01-01 00:16:01.800,user81,figure skating
2016-01-01 00:16:02.100,user87,world
2016-01-01 00:16:02.400,user23,indexes
2016-01-01 00:16:02.700,user7,wrestling
2016-01-01 00:16:03.000,user36,ncaa
2016-01-01 00:16:03.300,user92,energy
2016-01-01 00:16:03.600,user30,economists
2016-01-01 00:16:03.900,user18,issues
2016-01-01 00:16:04.200,user61,books
2016-01-01 00:16:04.500,user6,swimming
2016-01-01 00:16:04.800,user96,automotive
2016-01-01 00:16:05.100,user56,iraq
2016-01-01 00:16:05.400,user21,studios
2016-01-01 00:16:05.700,user78,books
2016-01-01 00:16:06.000,user31,world
2016-01-01 00:16:06.300,user62,energy
2016-01-01 00:16:06.600,user82,food
2016-01-01 00:16:06.900,user85,airlines
2016-01-01 00:16:07.200,user17,snowboarding
2016-01-01 00:16:07.500,user59,football
2016-01-01 00:16:07.800,user8,football
2016-01-01 00:16:08.100,user35,children
2016-01-01 00:16:08.400,user0,video games
2016-01-01 00:16:08.700,user22,automotive
2016-01-01 00:16:09.000,user11,baseball
2016-01-01 00:16:09.300,user1,taxes
2016-01-01 00:16:09.600,user15,baseball
2016-01-01 00:16:09.900,user30,sportscasters
2016-01-01 00:16:10.200,user68,economists
2016-01-01 00:16:10.500,user37,olympics
2016-01-01 00:16:10.800,user98,golf
2016-01-01 00:16:11.100,user87,movies
2016-01-01 00:16:11.400,user91,running
2016-01-01 00:16:11.700,user68,immigration
2016-01-01 00:16:12.000,user17,finance
2016-01-01 00:16:12.300,user95,artists
2016-01-01 00:16:12.600,user88,stock exchange
2016-01-01 00:16:12.900,user12,ncaa
2016-01-01 00:16:13.200,user71,internet
2016-01-01 00:16:13.500,user4,skateboarding
2016-01-01 00:16:13.800,user56,snowboarding
2016-01-01 00:16:14.100,user11,skateboarding
2016-01-01 00:16:14.400,user74,sportscasters
2016-01-01 00:16:14.700,user64,real estate
2016-01-01 00:16:15.000,user72,directors
2016-01-01 00:16:15.300,user54,people
2016-01-01 00:16:15.600,user50,automotive
2016-01-01 00:16:15.900,user51,whitehouse
2016-01-01 00:16:16.200,user67,movies
2016-01-01 00:16:16.500,user27,science
2016-01-01 00:16:16.800,user31,golf
2016-01-01 00:16:17.100,user36,comedians
2016-01-01 00:16:17.400,user91,figure skating
2016-01-01 00:16:17.700,user58,running
2016-01-01 00:16:18.000,user80,indexes
2016-01-01 00:16:18.300,user16,basketball
2016-01-01 00:16:18.600,user51,world
2016-01-01 00:16:18.900,user28,food
2016-01-01 00:16:19.200,user97,football
2016-01-01 00:16:19.500,user33,racing
2016-01-01 00:16:19.800,user31,automotive
2016-01-01 00:16:20.100,user52,golf
2016-01-01 00:16:20.400,user43,science
2016-01-01 00:16:20.700,user95,world
2016-01-01 00:16:21.000,user9,reporters
2016-01-01 00:16:21.300,user65,producers
2016-01-01 00:16:21.600,user57,companies
2016-01-01 00:16:21.900,user44,tennis
2016-01-01 00:16:22.200,user65,history
2016-01-01 00:16:22.500,user82,sportscasters
2016-01-01 00:16:22.800,user47,tennis
2016-01-01 00:16:23.100,user48,airlines
2016-01-01 00:16:23.400,user21,snowboarding
2016-01-01 00:16:23.700,user4,swimming
2016-01-01 00:16:24.000,user90,books
2016-01-01 00:16:24.300,user28,comedians
2016-01-01 00:16:24.600,user10,golf
2016-01-01 00:16:24.900,user71,comedians
2016-01-01 00:16:25.200,user37,football
2016-01-01 00:16:25.500,user59,history
2016-01-01 00:16:25.800,user42,reporters
2016-01-01 00:16:26.100,user50,grammys
2016-01-01 00:16:26.400,user77,tv
2016-01-01 00:16:26.700,user9,grammys
2016-01-01 00:16:27.000,user74,technology
2016-01-01 00:16:27.300,user40,food
2016-01-01 00:16:27.600,user64,taxes
2016-01-01 00:16:27.900,user6,actresses
2016-01-01 00:16:28.200,user22,style
2016-01-01 00:16:28.500,user47,studios
2016-01-01 00:16:28.800,user4,environment
2016-01-01 00:16:29.100,user94,tv
2016-01-01 00:16:29.400,user85,video games
2016-01-01 00:16:29.700,user2,finance
2016-01-01 00:16:30.000,user14,weather
2016-01-01 00:16:30.300,user67,internet
2016-01-01 00:16:30.600,user61,figure skating
2016-01-01 00:16:30.900,user56,iraq
2016-01-01 00:16:31.200,user62,football
2016-01-01 00:16:31.500,user32,technology
2016-01-01 00:16:31.800,user48,automotive
2016-01-01 00:16:32.100,user17,CEOs
2016-01-01 00:16:32.400,user60,energy
2016-01-01 00:16:32.700,user29,us
2016-01-01 00:16:33.000,user8,racing
2016-01-01 00:16:33.300,user64,us
2016-01-01 00:16:33.600,user83,stock exchange
2016-01-01 00:16:33.900,user0,snowboarding
2016-01-01 00:16:34.200,user63,food
2016-01-01 00:16:34.500,user44,automotive
2016-01-01 00:16:34.800,user34,technology
2016-01-01 00:16:35.100,user33,music
2016-01-01 00:16:35.400,user91,snowboarding
2016-01-01 00:16:35.700,user10,racing
2016-01-01 00:16:36.000,user14,basketball
2016-01-01 00:16:36.300,user18,companies
2016-01-01 00:16:36.600,user14,energy
2016-01-01 00:16:36.900,user79,disasters
2016-01-01 00:16:37.200,user62,swimming
2016-01-01 00:16:37.500,user66,studios
2016-01-01 00:16:37.800,user95,healthcare
2016-01-01 00:16:38.100,user23,weather
2016-01-01 00:16:38.400,user93,economists
2016-01-01 00:16:38.700,user50,issues
2016-01-01 00:16:39.000,user2,snowboarding
2016-01-01 00:16:39.300,user65,us
2016-01-01 00:16:39.600,user29,people
2016-01-01 00:16:39.900,user33,olympics
2016-01-01 00:16:40.200,user9,sportscasters
2016-01-01 00:16:40.500,user71,people
2016-01-01 00:16:40.800,user9,ncaa
2016-01-01 00:16:41.100,user98,other sports
2016-01-01 00:16:41.400,user31,health
2016-01-01 00:16:41.700,user67,studios
2016-01-01 00:16:42.000,user12,energy
2016-01-01 00:16:42.300,user49,grammys
2016-01-01 00:16:42.600,user16,skateboarding
2016-01-01 00:16:42.900,user19,world
2016-01-01 00:16:43.200,user29,other sports
2016-01-01 00:16:43.500,user66,banks
2016-01-01 00:16:43.800,user78,economists
2016-01-01 00:16:44.100,user69,video games
2016-01-01 00:16:44.400,user12,oscars
2016-01-01 00:16:44.700,user15,swimming
2016-01-01 00:16:45.000,user46,world
2016-01-01 00:16:45.300,user8,weather
2016-01-01 00:16:45.600,user76,disasters
2016-01-01 00:16:45.900,user80,issues
2016-01-01 00:16:46.200,user10,economists
2016-01-01 00:16:46.500,user85,other sports
2016-01-01 00:16:46.800,user92,economists
2016-01-01 00:16:47.100,user96,energy
2016-01-01 00:16:47.400,user15,actors
2016-01-01 00:16:47.700,user14,olympics
2016-01-01 00:16:48.000,user4,reporters
2016-01-01 00:16:48.300,user46,whitehouse
2016-01-01 00:16:48.600,user3,producers
2016-01-01 00:16:48.900,user37,immigration
2016-01-01 00:16:49.200,user30,running
2016-01-01 00:16:49.500,user2,theatre
2016-01-01 00:16:49.800,user68,history
2016-01-01 00:16:50.100,user41,comics
2016-01-01 00:16:50.400,user41,style
2016-01-01 00:16:50.700,user9,real estate
2016-01-01 00:16:51.000,user21,movies
2016-01-01 00:16:51.300,user54,baseball
2016-01-01 00:16:51.600,user52,horses
2016-01-01 00:16:51.900,user99,health
2016-01-01 00:16:52.200,user78,directors
2016-01-01 00:16:52.500,user11,comedians
2016-01-01 00:16:52.800,user62,weather
2016-01-01 00:16:53.100,user10,music
2016-01-01 00:16:53.400,user28,energy
2016-01-01 00:16:53.700,user9,reporters
2016-01-01 00:16:54.000,user20,models
2016-01-01 00:16:54.300,user79,history
2016-01-01 00:16:54.600,user3,world
2016-01-01 00:16:54.900,user28,airlines
2016-01-01 00:16:55.200,user53,movies
2016-01-01 00:16:55.500,user1,reporters
2016-01-01 00:16:55.800,user4,people
2016-01-01 00:16:56.100,user87,theatre
2016-01-01 00:16:56.400,user32,comedians
2016-01-01 00:16:56.700,user4,disasters
2016-01-01 00:16:57.000,user20,environment
2016-01-01 00:16:57.300,user86,people
2016-01-01 00:16:57.600,user90,models
2016-01-01 00:16:57.900,user5,taxes
2016-01-01 00:16:58.200,user9,soccer
2016-01-01 00:16:58.500,user51,environment
2016-01-01 00:16:58.800,user19,environment
2016-01-01 00:16:59.100,user21,comedians
2016-01-01 00:16:59.400,user73,automotive
2016-01-01 00:16:59.700,user11,skateboarding
2016-01-01 00:17:00.000,user31,baseball
2016-01-01 00:17:00.300,user35,stock exchange
2016-01-01 00:17:00.600,user64,environment
2016-01-01 00:17:00.900,user48,taxes
2016-01-01 00:17:01.200,user70,science
2016-01-01 00:17:01.500,user7,science
2016-01-01 00:17:01.800,user22,racing
2016-01-01 00:17:02.100,user37,sportscasters
2016-01-01 00:17:02.400,user7,football
2016-01-01 00:17:02.700,user90,models
2016-01-01 00:17:03.000,user22,music
2016-01-01 00:17:03.300,user56,studios
2016-01-01 00:17:03.600,user43,boxing
2016-01-01 00:17:03.900,user90,figure skating
2016-01-01 00:17:04.200,user13,soccer
2016-01-01 00:17:04.500,user30,actors
2016-01-01 00:17:04.800,user22,actors
2016-01-01 00:17:05.100,user97,style
2016-01-01 00:17:05.400,user65,tv
2016-01-01 00:17:05.700,user51,elections
2016-01-01 00:17:06.000,user53,reporters
2016-01-01 00:17:06.300,user94,finance
2016-01-01 00:17:06.600,user12,skateboarding
2016-01-01 00:17:06.900,user35,movies
2016-01-01 00:17:07.200,user71,health
2016-01-01 00:17:07.500,user98,tv
2016-01-01 00:17:07.800,user11,producers
2016-01-01 00:17:08.100,user75,directors
2016-01-01 00:17:08.400,user20,sportscasters
2016-01-01 00:17:08.700,user69,issues
2016-01-01 00:17:09.000,user38,technology
2016-01-01 00:17:09.300,user41,whitehouse
2016-01-01 00:17:09.600,user21,basketball
2016-01-01 00:17:09.900,user33,food
2016-01-01 00:17:10.200,user93,health
2016-01-01 00:17:10.500,user10,style
2016-01-01 00:17:10.800,user4,weather
2016-01-01 00:17:11.100,user13,oscars
2016-01-01 00:17:11.400,user97,iraq
2016-01-01 00:17:11.700,user5,actors
2016-01-01 00:17:12.000,user98,environment
2016-01-01 00:17:12.300,user14,movies
2016-01-01 00:17:12.600,user44,banks
2016-01-01 00:17:12.900,user78,comics
2016-01-01 00:17:13.200,user19,economists
2016-01-01 00:17:13.500,user39,internet
2016-01-01 00:17:13.800,user24,boxing
2016-01-01 00:17:14.100,user35,internet
2016-01-01 00:17:14.400,user65,healthcare
2016-01-01 00:17:14.700,user2,olympics
2016-01-01 00:17:15.000,user92,reporters
2016-01-01 00:17:15.300,user25,CEOs
2016-01-01 00:17:15.600,user46,internet
2016-01-01 00:17:15.900,user12,elections
2016-01-01 00:17:16.200,user58,artists
2016-01-01 00:17:16.500,user86,history
2016-01-01 00:17:16.800,user95,grammys
2016-01-01 00:17:17.100,user40,sportscasters
2016-01-01 00:17:17.400,user20,olympics
2016-01-01 00:17:17.700,user8,soccer
2016-01-01 00:17:18.000,user2,swimming
2016-01-01 00:17:18.300,user48,banks
2016-01-01 00:17:18.600,user83,taxes
2016-01-01 00:17:18.900,user5,people
2016-01-01 00:17:19.200,user30,energy
2016-01-01 00:17:19.500,user62,immigration
2016-01-01 00:17:19.800,user57,video games
2016-01-01 00:17:20.100,user38,issues
2016-01-01 00:17:20.400,user63,hockey
2016-01-01 00:17:20.700,user91,books
2016-01-01 00:17:21.000,user33,tv
2016-01-01 00:17:21.300,user54,environment
2016-01-01 00:17:21.600,user25,indexes
2016-01-01 00:17:21.900,user30,science
2016-01-01 00:17:22.200,user28,artists
2016-01-01 00:17:22.500,user32,energy
2016-01-01 00:17:22.800,user29,history
2016-01-01 00:17:23.100,user56,snowboarding
2016-01-01 00:17:23.400,user82,movies
2016-01-01 00:17:23.700,user12,elections
2016-01-01 00:17:24.000,user76,boxing
2016-01-01 00:17:24.300,user65,olympics
2016-01-01 00:17:24.600,user28,boxing
2016-01-01 00:17:24.900,user63,stock exchange
2016-01-01 00:17:25.200,user74,issues
2016-01-01 00:17:25.500,user40,snowboarding
2016-01-01 00:17:25.800,user84,education
2016-01-01 00:17:26.100,user91,environment
2016-01-01 00:17:26.400,user27,immigration
2016-01-01 00:17:26.700,user32,indexes
2016-01-01 00:17:27.000,user78,finance
2016-01-01 00:17:27.300,user39,hockey
2016-01-01 00:17:27.600,user40,swimming
2016-01-01 00:17:27.900,user39,ncaa
2016-01-01 00:17:28.200,user63,books
2016-01-01 00:17:28.500,user81,comedians
2016-01-01 00:17:28.800,user80,tennis
2016-01-01 00:17:29.100,user82,sportscasters
2016-01-01 00:17:29.400,user58,reporters
2016-01-01 00:17:29.700,user76,actresses
2016-01-01 00:17:30.000,user57,history
2016-01-01 00:17:30.300,user21,issues
2016-01-01 00:17:30.600,user87,whitehouse
2016-01-01 00:17:30.900,user37,food
2016-01-01 00:17:31.200,user15,horses
2016-01-01 00:17:31.500,user57,oscars
2016-01-01 00:17:31.800,user31,real estate
2016-01-01 00:17:32.100,user2,us
2016-01-01 00:17:32.400,user98,banks
2016-01-01 00:17:32.700,user42,stock exchange
2016-01-01 00:17:33.000,user18,baseball
2016-01-01 00:17:33.300,user89,technology
2016-01-01 00:17:33.600,user71,stock exchange
2016-01-01 00:17:33.900,user9,snowboarding
2016-01-01 00:17:34.200,user6,disasters
2016-01-01 00:17:34.500,user68,theatre
2016-01-01 00:17:34.800,user22,artists
2016-01-01 00:17:35.100,user8,actresses
2016-01-01 00:17:35.400,user14,technology
2016-01-01 00:17:35.700,user52,reporters
2016-01-01 00:17:36.000,user78,stock exchange
2016-01-01 00:17:36.300,user89,music
2016-01-01 00:17:36.600,user54,tennis
2016-01-01 00:17:36.900,user68,olympics
2016-01-01 00:17:37.200,user56,boxing
2016-01-01 00:17:37.500,user62,football
2016-01-01 00:17:37.800,user85,ncaa
2016-01-01 00:17:38.100,user9,indexes
2016-01-01 00:17:38.400,user40,finance
2016-01-01 00:17:38.700,user71,wrestling
2016-01-01 00:17:39.000,user20,racing
2016-01-01 00:17:39.300,user48,people
2016-01-01 00:17:39.600,user71,economists
2016-01-01 00:17:39.900,user58,grammys
2016-01-01 00:17:40.200,user47,other sports
2016-01-01 00:17:40.500,user91,people
2016-01-01 00:17:40.800,user46,disasters
2016-01-01 00:17:41.100,user78,people
2016-01-01 00:17:41.400,user14,football
2016-01-01 00:17:41.700,user84,football
2016-01-01 00:17:42.000,user78,oscars
2016-01-01 00:17:42.300,user77,actors
2016-01-01 00:17:42.600,user33,reporters
2016-01-01 00:17:42.900,user65,stock exchange
2016-01-01 00:17:43.200,user25,food
2016-01-01 00:17:43.500,user98,health
2016-01-01 00:17:43.800,user65,swimming
2016-01-01 00:17:44.100,user92,disasters
2016-01-01 00:17:44.400,user82,economists
2016-01-01 00:17:44.700,user52,energy
2016-01-01 00:17:45.000,user92,grammys
2016-01-01 00:17:45.300,user14,stock exchange
2016-01-01 00:17:45.600,user71,tennis
2016-01-01 00:17:45.900,user54,books
2016-01-01 00:17:46.200,user19,weather
2016-01-01 00:17:46.500,user98,stock exchange
2016-01-01 00:17:46.800,user6,studios
2016-01-01 00:17:47.100,user32,video games
2016-01-01 00:17:47.400,user83,oscars
2016-01-01 00:17:47.700,user36,iraq
2016-01-01 00:17:48.000,user60,children
2016-01-01 00:17:48.300,user30,weather
2016-01-01 00:17:48.600,user17,whitehouse
2016-01-01 00:17:48.900,user87,CEOs
2016-01-01 00:17:49.200,user29,people
2016-01-01 00:17:49.500,user78,people
2016-01-01 00:17:49.800,user80,running
2016-01-01 00:17:50.100,user45,science
2016-01-01 00:17:50.400,user10,internet
2016-01-01 00:17:50.700,user13,finance
2016-01-01 00:17:51.000,user44,actors
2016-01-01 00:17:51.300,user66,sportscasters
2016-01-01 00:17:51.600,user62,banks
2016-01-01 00:17:51.900,user41,comics
2016-01-01 00:17:52.200,user68,studios
2016-01-01 00:17:52.500,user87,real estate
2016-01-01 00:17:52.800,user3,technology
2016-01-01 00:17:53.100,user21,football
2016-01-01 00:17:53.400,user57,baseball
2016-01-01 00:17:53.700,user36,education
2016-01-01 00:17:54.000,user86,style
2016-01-01 00:17:54.300,user33,internet
2016-01-01 00:17:54.600,user83,studios
2016-01-01 00:17:54.900,user72,indexes
2016-01-01 00:17:55.200,user16,hockey
2016-01-01 00:17:55.500,user95,CEOs
2016-01-01 00:17:55.800,user13,books
2016-01-01 00:17:56.100,user88,swimming
2016-01-01 00:17:56.400,user31,world
2016-01-01 00:17:56.700,user2,technology
2016-01-01 00:17:57.000,user0,soccer
2016-01-01 00:17:57.300,user86,children
2016-01-01 00:17:57.600,user31,ncaa
2016-01-01 00:17:57.900,user22,basketball
2016-01-01 00:17:58.200,user64,olympics
2016-01-01 00:17:58.500,user62,video games
2016-01-01 00:17:58.800,user44,environment
2016-01-01 00:17:59.100,user20,racing
2016-01-01 00:17:59.400,user83,disasters
2016-01-01 00:17:59.700,user36,directors
2016-01-01 00:18:00.000,user2,actresses
2016-01-01 00:18:00.300,user31,airlines
2016-01-01 00:18:00.600,user14,directors
2016-01-01 00:18:00.900,user86,skateboarding
2016-01-01 00:18:01.200,user59,people
2016-01-01 00:18:01.500,user37,us
2016-01-01 00:18:01.800,user99,running
2016-01-01 00:18:02.100,user2,golf
2016-01-01 00:18:02.400,user67,issues
2016-01-01 00:18:02.700,user19,airlines
2016-01-01 00:18:03.000,user97,stock exchange
2016-01-01 00:18:03.300,user18,people
2016-01-01 00:18:03.600,user6,finance
2016-01-01 00:18:03.900,user17,running
2016-01-01 00:18:04.200,user36,models
2016-01-01 00:18:04.500,user94,comics
2016-01-01 00:18:04.800,user51,wrestling
2016-01-01 00:18:05.100,user30,soccer
2016-01-01 00:18:05.400,user63,weather
2016-01-01 00:18:05.700,user2,books
2016-01-01 00:18:06.000,user45,figure skating
2016-01-01 00:18:06.300,user10,children
2016-01-01 00:18:06.600,user40,actresses
2016-01-01 00:18:06.900,user6,people
2016-01-01 00:18:07.200,user92,horses
2016-01-01 00:18:07.500,user28,ncaa
2016-01-01 00:18:07.800,user95,finance
2016-01-01 00:18:08.100,user28,directors
2016-01-01 00:18:08.400,user13,environment
2016-01-01 00:18:08.700,user38,figure skating
2016-01-01 00:18:09.000,user31,energy
2016-01-01 00:18:09.300,user45,elections
2016-01-01 00:18:09.600,user70,companies
2016-01-01 00:18:09.900,user14,olympics
2016-01-01 00:18:10.200,user98,disasters
2016-01-01 00:18:10.500,user34,models
2016-01-01 00:18:10.800,user16,other sports
2016-01-01 00:18:11.100,user14,video games
2016-01-01 00:18:11.400,user20,energy
2016-01-01 00:18:11.700,user45,figure skating
2016-01-01 00:18:12.000,user37,companies
2016-01-01 00:18:12.300,user60,us
2016-01-01 00:18:12.600,user57,internet
2016-01-01 00:18:12.900,user35,people
2016-01-01 00:18:13.200,user83,running
2016-01-01 00:18:13.500,user9,theatre
2016-01-01 00:18:13.800,user47,internet
2016-01-01 00:18:14.100,user44,tennis
2016-01-01 00:18:14.400,user56,reporters
2016-01-01 00:18:14.700,user45,energy
2016-01-01 00:18:15.000,user68,figure skating
2016-01-01 00:18:15.300,user1,golf
2016-01-01 00:18:15.600,user87,directors
2016-01-01 00:18:15.900,user31,people
2016-01-01 00:18:16.200,user5,disasters
2016-01-01 00:18:16.500,user73,comics
2016-01-01 00:18:16.800,user78,soccer
2016-01-01 00:18:17.100,user84,style
2016-01-01 00:18:17.400,user56,banks
2016-01-01 00:18:17.700,user50,tv
2016-01-01 00:18:18.000,user12,technology
2016-01-01 00:18:18.300,user65,horses
2016-01-01 00:18:18.600,user24,technology
2016-01-01 00:18:18.900,user81,snowboarding
2016-01-01 00:18:19.200,user70,healthcare
2016-01-01 00:18:19.500,user45,CEOs
2016-01-01 00:18:19.800,user64,internet
2016-01-01 00:18:20.100,user16,health
2016-01-01 00:18:20.400,user7,running
2016-01-01 00:18:20.700,user96,internet
2016-01-01 00:18:21.000,user14,grammys
2016-01-01 00:18:21.300,user43,books
2016-01-01 00:18:21.600,user39,technology
2016-01-01 00:18:21.900,user59,grammys
2016-01-01 00:18:22.200,user25,stock exchange
2016-01-01 00:18:22.500,user0,indexes
2016-01-01 00:18:22.800,user50,ncaa
2016-01-01 00:18:23.100,user55,ncaa
2016-01-01 00:18:23.400,user88,people
2016-01-01 00:18:23.700,user48,figure skating
2016-01-01 00:18:24.000,user25,disasters
2016-01-01 00:18:24.300,user65,CEOs
2016-01-01 00:18:24.600,user54,running
2016-01-01 00:18:24.900,user62,disasters
2016-01-01 00:18:25.200,user72,technology
2016-01-01 00:18:25.500,user12,artists
2016-01-01 00:18:25.800,user57,CEOs
2016-01-01 00:18:26.100,user13,automotive
2016-01-01 00:18:26.400,user19,actors
2016-01-01 00:18:26.700,user57,food
2016-01-01 00:18:27.000,user63,issues
2016-01-01 00:18:27.300,user21,healthcare
2016-01-01 00:18:27.600,user45,economists
2016-01-01 00:18:27.900,user6,music
2016-01-01 00:18:28.200,user80,skateboarding
2016-01-01 00:18:28.500,user49,directors
2016-01-01 00:18:28.800,user32,weather
2016-01-01 00:18:29.100,user83,video games
2016-01-01 00:18:29.400,user22,figure skating
2016-01-01 00:18:29.700,user52,comics
2016-01-01 00:18:30.000,user7,wrestling
2016-01-01 00:18:30.300,user22,directors
2016-01-01 00:18:30.600,user7,issues
2016-01-01 00:18:30.900,user1,wrestling
2016-01-01 00:18:31.200,user9,world
2016-01-01 00:18:31.500,user26,actors
2016-01-01 00:18:31.800,user23,skateboarding
2016-01-01 00:18:32.100,user4,tennis
2016-01-01 00:18:32.400,user88,reporters
2016-01-01 00:18:32.700,user73,internet
2016-01-01 00:18:33.000,user82,tennis
2016-01-01 00:18:33.300,user88,running
2016-01-01 00:18:33.600,user68,figure skating
2016-01-01 00:18:33.900,user64,energy
2016-01-01 00:18:34.200,user62,reporters
2016-01-01 00:18:34.500,user57,style
2016-01-01 00:18:34.800,user58,music
2016-01-01 00:18:35.100,user11,tv
2016-01-01 00:18:35.400,user39,tv
2016-01-01 00:18:35.700,user4,basketball
2016-01-01 00:18:36.000,user58,technology
2016-01-01 00:18:36.300,user79,skateboarding
2016-01-01 00:18:36.600,user43,theatre
2016-01-01 00:18:36.900,user0,world
2016-01-01 00:18:37.200,user99,music
2016-01-01 00:18:37.500,user31,tennis
2016-01-01 00:18:37.800,user60,boxing
2016-01-01 00:18:38.100,user95,skateboarding
2016-01-01 00:18:38.400,user30,CEOs
2016-01-01 00:18:38.700,user36,environment
2016-01-01 00:18:39.000,user90,directors
2016-01-01 00:18:39.300,user80,real estate
2016-01-01 00:18:39.600,user62,studios
2016-01-01 00:18:39.900,user68,stock exchange
2016-01-01 00:18:40.200,user29,elections
2016-01-01 00:18:40.500,user3,indexes
2016-01-01 00:18:40.800,user16,studios
2016-01-01 00:18:41.100,user91,healthcare
2016-01-01 00:18:41.400,user99,comedians
2016-01-01 00:18:41.700,user70,theatre
2016-01-01 00:18:42.000,user11,figure skating
2016-01-01 00:18:42.300,user81,movies
2016-01-01 00:18:42.600,user62,disasters
2016-01-01 00:18:42.900,user83,iraq
2016-01-01 00:18:43.200,user87,people
2016-01-01 00:18:43.500,user74,hockey
2016-01-01 00:18:43.800,user0,grammys
2016-01-01 00:18:44.100,user57,people
2016-01-01 00:18:44.400,user95,health
2016-01-01 00:18:44.700,user55,books
2016-01-01 00:18:45.000,user39,horses
2016-01-01 00:18:45.300,user25,actors
2016-01-01 00:18:45.600,user84,tennis
2016-01-01 00:18:45.900,user55,horses
2016-01-01 00:18:46.200,user19,other sports
2016-01-01 00:18:46.500,user81,economists
2016-01-01 00:18:46.800,user93,actors
2016-01-01 00:18:47.100,user55,technology
2016-01-01 00:18:47.400,user75,hockey
2016-01-01 00:18:47.700,user45,comedians
2016-01-01 00:18:48.000,user45,studios
2016-01-01 00:18:48.300,user74,video games
2016-01-01 00:18:48.600,user96,oscars
2016-01-01 00:18:48.900,user94,hockey
2016-01-01 00:18:49.200,user32,health
2016-01-01 00:18:49.500,user35,basketball
2016-01-01 00:18:49.800,user43,weather
2016-01-01 00:18:50.100,user59,music
2016-01-01 00:18:50.400,user55,skateboarding
2016-01-01 00:18:50.700,user87,indexes
2016-01-01 00:18:51.000,user20,sportscasters
2016-01-01 00:18:51.300,user86,producers
2016-01-01 00:18:51.600,user64,energy
2016-01-01 00:18:51.900,user10,comedians
2016-01-01 00:18:52.200,user10,movies
2016-01-01 00:18:52.500,user3,wrestling
2016-01-01 00:18:52.800,user73,theatre
2016-01-01 00:18:53.100,user44,baseball
2016-01-01 00:18:53.400,user2,books
2016-01-01 00:18:53.700,user53,baseball
2016-01-01 00:18:54.000,user34,iraq
2016-01-01 00:18:54.300,user54,swimming
2016-01-01 00:18:54.600,user68,CEOs
2016-01-01 00:18:54.900,user40,producers
2016-01-01 00:18:55.200,user5,directors
2016-01-01 00:18:55.500,user84,other sports
2016-01-01 00:18:55.800,user2,studios
2016-01-01 00:18:56.100,user88,education
2016-01-01 00:18:56.400,user61,football
2016-01-01 00:18:56.700,user67,technology
2016-01-01 00:18:57.000,user98,elections
2016-01-01 00:18:57.300,user77,indexes
2016-01-01 00:18:57.600,user96,immigration
2016-01-01 00:18:57.900,user6,figure skating
2016-01-01 00:18:58.200,user27,energy
2016-01-01 00:18:58.500,user15,comedians
2016-01-01 00:18:58.800,user51,movies
2016-01-01 00:18:59.100,user91,models
2016-01-01 00:18:59.400,user3,swimming
2016-01-01 00:18:59.700,user98,grammys
2016-01-01 00:19:00.000,user57,comics
2016-01-01 00:19:00.300,user51,weather
2016-01-01 00:19:00.600,user60,sportscasters
2016-01-01 00:19:00.900,user90,grammys
2016-01-01 00:19:01.200,user50,internet
2016-01-01 00:19:01.500,user21,figure skating
2016-01-01 00:19:01.800,user76,figure skating
2016-01-01 00:19:02.100,user15,disasters
2016-01-01 00:19:02.400,user29,food
2016-01-01 00:19:02.700,user80,skateboarding
2016-01-01 00:19:03.000,user31,health
2016-01-01 00:19:03.300,user89,video games
2016-01-01 00:19:03.600,user3,iraq
2016-01-01 00:19:03.900,user74,iraq
2016-01-01 00:19:04.200,user41,skateboarding
2016-01-01 00:19:04.500,user50,airlines
2016-01-01 00:19:04.800,user1,elections
2016-01-01 00:19:05.100,user87,other sports
2016-01-01 00:19:05.400,user18,CEOs
2016-01-01 00:19:05.700,user5,internet
2016-01-01 00:19:06.000,user15,music
2016-01-01 00:19:06.300,user81,soccer
2016-01-01 00:19:06.600,user64,reporters
2016-01-01 00:19:06.900,user90,olympics
2016-01-01 00:19:07.200,user2,airlines
2016-01-01 00:19:07.500,user65,CEOs
2016-01-01 00:19:07.800,user45,energy
2016-01-01 00:19:08.100,user4,movies
2016-01-01 00:19:08.400,user31,economists
2016-01-01 00:19:08.700,user62,books
2016-01-01 00:19:09.000,user85,sportscasters
2016-01-01 00:19:09.300,user9,healthcare
2016-01-01 00:19:09.600,user73,indexes
2016-01-01 00:19:09.900,user71,disasters
2016-01-01 00:19:10.200,user56,swimming
2016-01-01 00:19:10.500,user86,food
2016-01-01 00:19:10.800,user0,us
2016-01-01 00:19:11.100,user94,whitehouse
2016-01-01 00:19:11.400,user74,actors
2016-01-01 00:19:11.700,user53,olympics
2016-01-01 00:19:12.000,user0,racing
2016-01-01 00:19:12.300,user91,iraq
2016-01-01 00:19:12.600,user79,iraq
2016-01-01 00:19:12.900,user89,internet
2016-01-01 00:19:13.200,user35,artists
2016-01-01 00:19:13.500,user77,reporters
2016-01-01 00:19:13.800,user34,automotive
2016-01-01 00:19:14.100,user61,wrestling
2016-01-01 00:19:14.400,user80,world
2016-01-01 00:19:14.700,user36,figure skating
2016-01-01 00:19:15.000,user49,tv
2016-01-01 00:19:15.300,user89,video games
2016-01-01 00:19:15.600,user91,science
2016-01-01 00:19:15.900,user76,automotive
2016-01-01 00:19:16.200,user54,boxing
2016-01-01 00:19:16.500,user21,energy
2016-01-01 00:19:16.800,user4,reporters
2016-01-01 00:19:17.100,user80,food
2016-01-01 00:19:17.400,user5,healthcare
2016-01-01 00:19:17.700,user4,environment
2016-01-01 00:19:18.000,user91,swimming
2016-01-01 00:19:18.300,user18,boxing
2016-01-01 00:19:18.600,user76,finance
2016-01-01 00:19:18.900,user83,racing
2016-01-01 00:19:19.200,user14,baseball
2016-01-01 00:19:19.500,user52,elections
2016-01-01 00:19:19.800,user30,disasters
2016-01-01 00:19:20.100,user34,indexes
2016-01-01 00:19:20.400,user38,world
2016-01-01 00:19:20.700,user22,actresses
2016-01-01 00:19:21.000,user28,boxing
2016-01-01 00:19:21.300,user62,ncaa
2016-01-01 00:19:21.600,user41,books
2016-01-01 00:19:21.900,user46,style
2016-01-01 00:19:22.200,user63,comedians
2016-01-01 00:19:22.500,user31,theatre
2016-01-01 00:19:22.800,user12,basketball
2016-01-01 00:19:23.100,user34,golf
2016-01-01 00:19:23.400,user89,studios
2016-01-01 00:19:23.700,user88,education
2016-01-01 00:19:24.000,user44,weather
2016-01-01 00:19:24.300,user73,banks
2016-01-01 00:19:24.600,user37,stock exchange
2016-01-01 00:19:24.900,user26,banks
2016-01-01 00:19:25.200,user43,theatre
2016-01-01 00:19:25.500,user65,automotive
2016-01-01 00:19:25.800,user7,children
2016-01-01 00:19:26.100,user52,reporters
2016-01-01 00:19:26.400,user7,finance
2016-01-01 00:19:26.700,user63,video games
2016-01-01 00:19:27.000,user44,video games
2016-01-01 00:19:27.300,user62,skateboarding
2016-01-01 00:19:27.600,user75,science
2016-01-01 00:19:27.900,user83,companies
2016-01-01 00:19:28.200,user73,boxing
2016-01-01 00:19:28.500,user24,banks
2016-01-01 00:19:28.800,user95,real estate
2016-01-01 00:19:29.100,user56,real estate
2016-01-01 00:19:29.400,user41,healthcare
2016-01-01 00:19:29.700,user17,children
2016-01-01 00:19:30.000,user71,models
2016-01-01 00:19:30.300,user23,books
2016-01-01 00:19:30.600,user39,actresses
2016-01-01 00:19:30.900,user7,energy
2016-01-01 00:19:31.200,user51,immigration
2016-01-01 00:19:31.500,user90,baseball
2016-01-01 00:19:31.800,user81,energy
2016-01-01 00:19:32.100,user6,people
2016-01-01 00:19:32.400,user12,airlines
2016-01-01 00:19:32.700,user87,ncaa
2016-01-01 00:19:33.000,user16,comedians
2016-01-01 00:19:33.300,user88,issues
2016-01-01 00:19:33.600,user60,directors
2016-01-01 00:19:33.900,user56,snowboarding
2016-01-01 00:19:34.200,user59,actors
2016-01-01 00:19:34.500,user56,tennis
2016-01-01 00:19:34.800,user26,science
2016-01-01 00:19:35.100,user61,racing
2016-01-01 00:19:35.400,user22,disasters
2016-01-01 00:19:35.700,user71,education
2016-01-01 00:19:36.000,user69,other sports
2016-01-01 00:19:36.300,user82,people
2016-01-01 00:19:36.600,user4,energy
2016-01-01 00:19:36.900,user21,weather
2016-01-01 00:19:37.200,user12,skateboarding
2016-01-01 00:19:37.500,user60,children
2016-01-01 00:19:37.800,user24,soccer
2016-01-01 00:19:38.100,user24,healthcare
2016-01-01 00:19:38.400,user3,indexes
2016-01-01 00:19:38.700,user27,racing
2016-01-01 00:19:39.000,user7,airlines
2016-01-01 00:19:39.300,user0,producers
2016-01-01 00:19:39.600,user68,actresses
2016-01-01 00:19:39.900,user85,food
2016-01-01 00:19:40.200,user67,tv
2016-01-01 00:19:40.500,user58,producers
2016-01-01 00:19:40.800,user37,people
2016-01-01 00:19:41.100,user58,us
2016-01-01 00:19:41.400,user26,people
2016-01-01 00:19:41.700,user79,environment
2016-01-01 00:19:42.000,user48,racing
2016-01-01 00:19:42.300,user61,baseball
2016-01-01 00:19:42.600,user6,actors
2016-01-01 00:19:42.900,user10,music
2016-01-01 00:19:43.200,user24,actresses
2016-01-01 00:19:43.500,user93,education
2016-01-01 00:19:43.800,user4,racing
2016-01-01 00:19:44.100,user57,technology
2016-01-01 00:19:44.400,user44,ncaa
2016-01-01 00:19:44.700,user47,style
2016-01-01 00:19:45.000,user23,environment
2016-01-01 00:19:45.300,user38,artists
2016-01-01 00:19:45.600,user79,automotive
2016-01-01 00:19:45.900,user73,airlines
2016-01-01 00:19:46.200,user95,theatre
2016-01-01 00:19:46.500,user36,us
2016-01-01 00:19:46.800,user80,style
2016-01-01 00:19:47.100,user15,producers
2016-01-01 00:19:47.400,user91,food
2016-01-01 00:19:47.700,user33,internet
2016-01-01 00:19:48.000,user88,iraq
2016-01-01 00:19:48.300,user5,technology
2016-01-01 00:19:48.600,user51,grammys
2016-01-01 00:19:48.900,user32,studios
2016-01-01 00:19:49.200,user14,racing
2016-01-01 00:19:49.500,user60,oscars
2016-01-01 00:19:49.800,user14,running
2016-01-01 00:19:50.100,user56,technology
2016-01-01 00:19:50.400,user52,books
2016-01-01 00:19:50.700,user59,sportscasters
2016-01-01 00:19:51.000,user87,taxes
2016-01-01 00:19:51.300,user0,movies
2016-01-01 00:19:51.600,user38,swimming
2016-01-01 00:19:51.900,user33,boxing
2016-01-01 00:19:52.200,user42,history
2016-01-01 00:19:52.500,user88,wrestling
2016-01-01 00:19:52.800,user77,people
2016-01-01 00:19:53.100,user93,oscars
2016-01-01 00:19:53.400,user88,soccer
2016-01-01 00:19:53.700,user34,stock exchange
2016-01-01 00:19:54.000,user22,boxing
2016-01-01 00:19:54.300,user37,style
2016-01-01 00:19:54.600,user88,whitehouse
2016-01-01 00:19:54.900,user32,energy
2016-01-01 00:19:55.200,user65,real estate
2016-01-01 00:19:55.500,user8,banks
2016-01-01 00:19:55.800,user67,finance
2016-01-01 00:19:56.100,user68,immigration
2016-01-01 00:19:56.400,user73,racing
2016-01-01 00:19:56.700,user98,disasters
2016-01-01 00:19:57.000,user44,books
2016-01-01 00:19:57.300,user23,studios
2016-01-01 00:19:57.600,user7,energy
2016-01-01 00:19:57.900,user50,weather
2016-01-01 00:19:58.200,user74,hockey
2016-01-01 00:19:58.500,user4,actors
2016-01-01 00:19:58.800,user98,children
2016-01-01 00:19:59.100,user76,weather
2016-01-01 00:19:59.400,user4,hockey
2016-01-01 00:19:59.700,user72,technology
